\BOOKMARK [0][-]{dummy.1}{\376\377\000\315\000n\000d\000i\000c\000e\000\040\000G\000e\000n\000e\000r\000a\000l}{}% 1
\BOOKMARK [0][-]{dummy.3}{\376\377\000\315\000n\000d\000i\000c\000e\000\040\000d\000e\000\040\000F\000i\000g\000u\000r\000a\000s}{}% 2
\BOOKMARK [0][-]{dummy.5}{\376\377\000\315\000n\000d\000i\000c\000e\000\040\000d\000e\000\040\000T\000a\000b\000l\000a\000s}{}% 3
\BOOKMARK [0][-]{dummy.7}{\376\377\000A\000b\000r\000e\000v\000i\000a\000c\000i\000o\000n\000e\000s}{}% 4
\BOOKMARK [0][-]{chapter.12}{\376\377\0001\000\040\000I\000n\000t\000r\000o\000d\000u\000c\000c\000i\000\363\000n}{}% 5
\BOOKMARK [0][-]{chapter.13}{\376\377\0002\000\040\000D\000e\000f\000i\000n\000i\000c\000i\000\363\000n\000\040\000d\000e\000l\000\040\000P\000r\000o\000b\000l\000e\000m\000a}{}% 6
\BOOKMARK [1][-]{section.14}{\376\377\0002\000.\0001\000\040\000P\000r\000o\000c\000e\000s\000a\000m\000i\000e\000n\000t\000o}{chapter.13}% 7
\BOOKMARK [1][-]{section.15}{\376\377\0002\000.\0002\000\040\000C\000o\000s\000t\000o\000s}{chapter.13}% 8
\BOOKMARK [0][-]{chapter.16}{\376\377\0003\000\040\000O\000b\000j\000e\000t\000i\000v\000o\000s}{}% 9
\BOOKMARK [1][-]{section.17}{\376\377\0003\000.\0001\000\040\000O\000b\000j\000e\000t\000i\000v\000o\000\040\000G\000e\000n\000e\000r\000a\000l}{chapter.16}% 10
\BOOKMARK [1][-]{section.18}{\376\377\0003\000.\0002\000\040\000O\000b\000j\000e\000t\000i\000v\000o\000s\000\040\000E\000s\000p\000e\000c\000\355\000f\000i\000c\000o\000s}{chapter.16}% 11
\BOOKMARK [1][-]{section.19}{\376\377\0003\000.\0003\000\040\000R\000e\000s\000u\000l\000t\000a\000d\000o\000s\000\040\000E\000s\000p\000e\000r\000a\000d\000o\000s}{chapter.16}% 12
\BOOKMARK [0][-]{chapter.20}{\376\377\0004\000\040\000J\000u\000s\000t\000i\000f\000i\000c\000a\000c\000i\000\363\000n}{}% 13
\BOOKMARK [1][-]{section.21}{\376\377\0004\000.\0001\000\040\000A\000c\000e\000l\000e\000r\000a\000c\000i\000\363\000n\000\040\000d\000e\000l\000\040\000P\000r\000o\000c\000e\000s\000a\000m\000i\000e\000n\000t\000o}{chapter.20}% 14
\BOOKMARK [1][-]{section.22}{\376\377\0004\000.\0002\000\040\000R\000e\000d\000u\000c\000c\000i\000\363\000n\000\040\000d\000e\000\040\000C\000o\000s\000t\000o\000s}{chapter.20}% 15
\BOOKMARK [1][-]{section.23}{\376\377\0004\000.\0003\000\040\000E\000n\000r\000i\000q\000u\000e\000c\000i\000m\000i\000e\000n\000t\000o\000\040\000d\000e\000\040\000l\000a\000\040\000I\000n\000f\000o\000r\000m\000a\000c\000i\000\363\000n}{chapter.20}% 16
\BOOKMARK [0][-]{chapter.24}{\376\377\0005\000\040\000A\000l\000c\000a\000n\000c\000e\000s}{}% 17
\BOOKMARK [0][-]{chapter.29}{\376\377\0006\000\040\000M\000a\000r\000c\000o\000\040\000T\000e\000\363\000r\000i\000c\000o}{}% 18
\BOOKMARK [1][-]{section.30}{\376\377\0006\000.\0001\000\040\000E\000s\000t\000a\000d\000o\000\040\000d\000e\000l\000\040\000A\000r\000t\000e}{chapter.29}% 19
\BOOKMARK [2][-]{subsection.31}{\376\377\0006\000.\0001\000.\0001\000\040\000C\000o\000m\000p\000u\000t\000a\000c\000i\000\363\000n\000\040\000d\000e\000\040\000B\000o\000r\000d\000e}{section.30}% 20
\BOOKMARK [2][-]{subsection.35}{\376\377\0006\000.\0001\000.\0002\000\040\000S\000\355\000n\000t\000e\000s\000i\000s\000\040\000d\000e\000\040\000A\000l\000t\000o\000\040\000N\000i\000v\000e\000l\000\040\000H\000L\000S}{section.30}% 21
\BOOKMARK [2][-]{subsection.36}{\376\377\0006\000.\0001\000.\0003\000\040\000C\000o\000m\000p\000u\000t\000a\000c\000i\000\363\000n\000\040\000C\000o\000n\000s\000c\000i\000e\000n\000t\000e\000\040\000d\000e\000l\000\040\000C\000o\000n\000t\000e\000x\000t\000o}{section.30}% 22
\BOOKMARK [0][-]{chapter.38}{\376\377\0007\000\040\000M\000e\000t\000o\000d\000o\000l\000o\000g\000\355\000a}{}% 23
\BOOKMARK [0][-]{chapter.43}{\376\377\0008\000\040\000R\000e\000c\000u\000r\000s\000o\000s}{}% 24
\BOOKMARK [1][-]{section.44}{\376\377\0008\000.\0001\000\040\000H\000u\000m\000a\000n\000o\000s}{chapter.43}% 25
\BOOKMARK [2][-]{subsection.45}{\376\377\0008\000.\0001\000.\0001\000\040\000D\000i\000r\000e\000c\000t\000o\000r}{section.44}% 26
\BOOKMARK [2][-]{subsection.46}{\376\377\0008\000.\0001\000.\0002\000\040\000G\000r\000u\000p\000o\000\040\000d\000e\000\040\000I\000n\000v\000e\000s\000t\000i\000g\000a\000c\000i\000\363\000n}{section.44}% 27
\BOOKMARK [1][-]{section.47}{\376\377\0008\000.\0002\000\040\000E\000c\000o\000n\000\363\000m\000i\000c\000o\000s}{chapter.43}% 28
\BOOKMARK [2][-]{subsection.48}{\376\377\0008\000.\0002\000.\0001\000\040\000P\000r\000e\000s\000u\000p\000u\000e\000s\000t\000o}{section.47}% 29
\BOOKMARK [0][-]{chapter.50}{\376\377\0009\000\040\000C\000r\000o\000n\000o\000g\000r\000a\000m\000a\000\040\000d\000e\000\040\000A\000c\000t\000i\000v\000i\000d\000a\000d\000e\000s}{}% 30
\BOOKMARK [0][-]{chapter.51}{\376\377\0001\0000\000\040\000A\000n\000\341\000l\000i\000s\000i\000s\000\040\000d\000e\000\040\000R\000e\000s\000u\000l\000t\000a\000d\000o\000s}{}% 31
\BOOKMARK [1][-]{section.52}{\376\377\0001\0000\000.\0001\000\040\000B\000e\000n\000c\000h\000m\000a\000r\000k}{chapter.51}% 32
\BOOKMARK [1][-]{section.54}{\376\377\0001\0000\000.\0002\000\040\000A\000n\000\341\000l\000i\000s\000i\000s\000\040\000d\000e\000\040\000t\000i\000e\000m\000p\000o\000\040\000y\000\040\000r\000e\000c\000u\000r\000s\000o\000s}{chapter.51}% 33
\BOOKMARK [2][-]{subsection.55}{\376\377\0001\0000\000.\0002\000.\0001\000\040\000T\000i\000e\000m\000p\000o\000\040\000d\000e\000\040\000e\000j\000e\000c\000u\000c\000i\000\363\000n}{section.54}% 34
\BOOKMARK [2][-]{subsection.57}{\376\377\0001\0000\000.\0002\000.\0002\000\040\000R\000e\000c\000u\000r\000s\000o\000s\000\040\000u\000t\000i\000l\000i\000z\000a\000d\000o\000s}{section.54}% 35
\BOOKMARK [0][-]{chapter.60}{\376\377\0001\0001\000\040\000C\000o\000n\000c\000l\000u\000s\000i\000o\000n\000e\000s}{}% 36
\BOOKMARK [0][-]{dummy.61}{\376\377\000B\000i\000b\000l\000i\000o\000g\000r\000a\000f\000\355\000a}{}% 37
